<?xml version="1.0" encoding="UTF-8"?>
<testng-results ignored="0" total="2" passed="2" failed="0" skipped="0">
  <reporter-output>
  </reporter-output>
  <suite started-at="2025-01-19T14:52:10 CST" name="Surefire suite" finished-at="2025-01-19T14:52:12 CST" duration-ms="2230">
    <groups>
    </groups>
    <test started-at="2025-01-19T14:52:10 CST" name="Surefire test" finished-at="2025-01-19T14:52:12 CST" duration-ms="2230">
      <class name="com.api.tests.LoginAPITest">
        <test-method signature="loginTest()[pri:0, instance:com.api.tests.LoginAPITest@222114ba]" started-at="2025-01-19T14:52:10 CST" name="loginTest" description="Verify if Login API is Working..." finished-at="2025-01-19T14:52:11 CST" duration-ms="1418" status="PASS">
          <reporter-output>
          </reporter-output>
        </test-method> <!-- loginTest -->
      </class> <!-- com.api.tests.LoginAPITest -->
      <class name="com.api.tests.Swift_AuthServiceAPITest">
        <test-method signature="loginTest()[pri:0, instance:com.api.tests.Swift_AuthServiceAPITest@2262b621]" started-at="2025-01-19T14:52:11 CST" name="loginTest" description="Verify if Swift Login API is working..." finished-at="2025-01-19T14:52:12 CST" duration-ms="782" status="PASS">
          <reporter-output>
          </reporter-output>
        </test-method> <!-- loginTest -->
      </class> <!-- com.api.tests.Swift_AuthServiceAPITest -->
    </test> <!-- Surefire test -->
  </suite> <!-- Surefire suite -->
</testng-results>
