<?xml version="1.0" encoding="UTF-8"?>
<testsuite xmlns:xsi="http://www.w3.org/2001/XMLSchema-instance" xsi:noNamespaceSchemaLocation="https://maven.apache.org/surefire/maven-surefire-plugin/xsd/surefire-test-report-3.0.xsd" version="3.0" name="TestSuite" time="3.053" tests="2" errors="0" skipped="0" failures="0">
  <properties>
[...]
</properties>
  <testcase name="loginTest" classname="com.api.tests.LoginAPITest" time="1.42">
    <system-out><![CDATA[{
    "token": "eyJhbGciOiJIUzI1NiJ9.eyJzdWIiOiJ1ZGF5MTIzNCIsImlhdCI6MTczNzMxOTkzMCwiZXhwIjoxNzM3MzIzNTMwfQ.Ru6ZGfaMwu2M8jaK9tgqCrgkUIWLpsD6Z4Hl7JPGJaM",
    "type": "Bearer",
    "id": 3,
    "username": "uday1234",
    "email": "rish@gmail.com",
    "roles": [
        "ROLE_USER"
    ]
}
]]></system-out>
    <system-err><![CDATA[SLF4J: Failed to load class "org.slf4j.impl.StaticLoggerBinder".
SLF4J: Defaulting to no-operation (NOP) logger implementation
SLF4J: See http://www.slf4j.org/codes.html#StaticLoggerBinder for further details.
]]></system-err>
  </testcase>
  <testcase name="loginTest" classname="com.api.tests.Swift_AuthServiceAPITest" time="0.777">
    <system-out><![CDATA[Payload is: Swift_LoginRequest [userName=uday1234, password=uday1234]
Payload in BaseService is: Swift_LoginRequest [userName=uday1234, password=uday1234]
Endpoint in BaseService is: /api/auth/login
{
    "timestamp": "Sun Jan 19 20:52:11 UTC 2025",
    "status": 401,
    "error": "Unauthorized",
    "message": "Full authentication is required to access this resource",
    "path": "/error"
}
]]></system-out>
  </testcase>
</testsuite>