<?xml version="1.0" encoding="UTF-8"?>
<testng-results ignored="0" total="1" passed="1" failed="0" skipped="0">
  <reporter-output>
  </reporter-output>
  <suite started-at="2025-01-19T14:55:56 CST" name="Default suite" finished-at="2025-01-19T14:55:57 CST" duration-ms="1647">
    <groups>
    </groups>
    <test started-at="2025-01-19T14:55:56 CST" name="Default test" finished-at="2025-01-19T14:55:57 CST" duration-ms="1647">
      <class name="com.api.tests.Swift_AuthServiceAPITest">
        <test-method signature="loginTest()[pri:0, instance:com.api.tests.Swift_AuthServiceAPITest@132ddbab]" started-at="2025-01-19T14:55:56 CST" name="loginTest" description="Verify if Swift Login API is working..." finished-at="2025-01-19T14:55:57 CST" duration-ms="1612" status="PASS">
          <reporter-output>
          </reporter-output>
        </test-method> <!-- loginTest -->
      </class> <!-- com.api.tests.Swift_AuthServiceAPITest -->
    </test> <!-- Default test -->
  </suite> <!-- Default suite -->
</testng-results>
